<?xml version="1.0" encoding="UTF-8"?>
<!-- Generated by org.testng.reporters.JUnitXMLReporter -->
<testsuite hostname="hpdesktop" name="LoginLandingPage" tests="3" failures="1" timestamp="13 Jun 2019 05:18:39 GMT" time="79.328" errors="0">
  <testcase name="ClickNewslinks" time="11.831" classname="testcases.TestLandingPage"/>
  <testcase name="FillLoginForm" time="35.539" classname="testcases.TestLandingPage"/>
  <testcase name="FillLoginForm" time="13.335" classname="testcases.TestLandingPage">
    <failure type="java.lang.AssertionError" message="expected [false] but found [true]">
      <![CDATA[java.lang.AssertionError: expected [false] but found [true]
	at testcases.TestLandingPage.FillLoginForm(TestLandingPage.java:60)
... Removed 28 stack frames]]>
    </failure>
  </testcase> <!-- FillLoginForm -->
</testsuite> <!-- LoginLandingPage -->
