<?xml version="1.0" encoding="UTF-8"?>
<!-- Generated by org.testng.reporters.JUnitXMLReporter -->
<testsuite hostname="DESKTOP-VE1EGK4" name="HomePage" tests="5" failures="0" timestamp="8 Jul 2019 05:19:20 GMT" time="91.917" errors="0">
  <testcase name="Comment" time="1.141" classname="testcases.TestHomePage"/>
  <testcase name="InspectNavDropDown" time="23.649" classname="testcases.TestHomePage"/>
  <testcase name="InspectNoti" time="0.834" classname="testcases.TestHomePage"/>
  <testcase name="InspectQuickAdd" time="17.009" classname="testcases.TestHomePage"/>
  <testcase name="Post" time="5.019" classname="testcases.TestHomePage"/>
</testsuite> <!-- HomePage -->
