<?xml version="1.0" encoding="UTF-8"?>
<!-- Generated by org.testng.reporters.JUnitXMLReporter -->
<testsuite hostname="hpdesktop" name="HomePage" tests="5" failures="0" timestamp="26 Jun 2019 12:13:48 GMT" time="142.258" errors="0">
  <testcase name="Comment" time="2.563" classname="testcases.TestHomePage"/>
  <testcase name="InspectNavDropDown" time="32.921" classname="testcases.TestHomePage"/>
  <testcase name="InspectNoti" time="1.364" classname="testcases.TestHomePage"/>
  <testcase name="InspectQuickAdd" time="21.056" classname="testcases.TestHomePage"/>
  <testcase name="Post" time="6.833" classname="testcases.TestHomePage"/>
</testsuite> <!-- HomePage -->
