<?xml version="1.0" encoding="UTF-8"?>
<!-- Generated by org.testng.reporters.JUnitXMLReporter -->
<testsuite hostname="DESKTOP-VE1EGK4" name="LandingPage" tests="3" failures="0" timestamp="8 Jul 2019 05:17:48 GMT" time="75.825" errors="0">
  <testcase name="ClickNews" time="7.581" classname="testcases.TestLandingPage"/>
  <testcase name="FillLoginForm" time="13.568" classname="testcases.TestLandingPage"/>
  <testcase name="FillLoginForm" time="32.965" classname="testcases.TestLandingPage"/>
</testsuite> <!-- LandingPage -->
