<?xml version="1.0" encoding="UTF-8"?>
<!-- Generated by org.testng.reporters.JUnitXMLReporter -->
<testsuite hostname="hpdesktop" name="LandingPage" tests="3" failures="0" timestamp="5 Jul 2019 04:03:57 GMT" time="178.172" errors="0">
  <testcase name="ClickNews" time="40.526" classname="testcases.TestLandingPage"/>
  <testcase name="FillLoginForm" time="21.406" classname="testcases.TestLandingPage"/>
  <testcase name="FillLoginForm" time="84.149" classname="testcases.TestLandingPage"/>
</testsuite> <!-- LandingPage -->
