<?xml version="1.0" encoding="UTF-8"?>
<!-- Generated by org.testng.reporters.JUnitXMLReporter -->
<testsuite hostname="hpdesktop" name="LoginLandingPage" tests="3" failures="2" timestamp="13 Jun 2019 07:41:57 GMT" time="74.048" errors="0">
  <testcase name="ClickNewslinks" time="14.059" classname="testcases.TestLandingPage"/>
  <testcase name="FillLoginForm" time="20.464" classname="testcases.TestLandingPage">
    <failure type="java.lang.AssertionError" message="expected [false] but found [true]">
      <![CDATA[java.lang.AssertionError: expected [false] but found [true]
	at testcases.TestLandingPage.FillLoginForm(TestLandingPage.java:60)
... Removed 32 stack frames]]>
    </failure>
  </testcase> <!-- FillLoginForm -->
  <testcase name="FillLoginForm" time="12.825" classname="testcases.TestLandingPage">
    <failure type="java.lang.AssertionError" message="expected [false] but found [true]">
      <![CDATA[java.lang.AssertionError: expected [false] but found [true]
	at testcases.TestLandingPage.FillLoginForm(TestLandingPage.java:60)
... Removed 32 stack frames]]>
    </failure>
  </testcase> <!-- FillLoginForm -->
</testsuite> <!-- LoginLandingPage -->
