<?xml version="1.0" encoding="UTF-8"?>
<testng-results skipped="0" failed="0" total="2" passed="2">
  <reporter-output>
  </reporter-output>
  <suite name="Suite" duration-ms="244605" started-at="2562-07-29T12:04:12Z" finished-at="2562-07-29T12:08:17Z">
    <groups>
      <group name="admin">
        <method signature="TestNewsPage.DraftNews()[pri:0, instance:testcases.TestNewsPage@ae9b55]" name="DraftNews" class="testcases.TestNewsPage"/>
        <method signature="TestNewsPage.SaveAndPublishNews()[pri:0, instance:testcases.TestNewsPage@ae9b55]" name="SaveAndPublishNews" class="testcases.TestNewsPage"/>
      </group> <!-- admin -->
    </groups>
    <test name="NewsPage" duration-ms="244605" started-at="2562-07-29T12:04:12Z" finished-at="2562-07-29T12:08:17Z">
      <class name="testcases.TestNewsPage">
        <test-method status="PASS" signature="OpenBrowser()[pri:0, instance:testcases.TestNewsPage@ae9b55]" name="OpenBrowser" is-config="true" duration-ms="49960" started-at="2562-07-29T19:04:12Z" finished-at="2562-07-29T19:05:02Z">
          <reporter-output>
          </reporter-output>
        </test-method> <!-- OpenBrowser -->
        <test-method status="PASS" signature="DraftNews()[pri:0, instance:testcases.TestNewsPage@ae9b55]" name="DraftNews" duration-ms="46259" started-at="2562-07-29T19:05:02Z" finished-at="2562-07-29T19:05:49Z">
          <reporter-output>
          </reporter-output>
        </test-method> <!-- DraftNews -->
        <test-method status="PASS" signature="RedirectToNewsPage()[pri:0, instance:testcases.TestNewsPage@ae9b55]" name="RedirectToNewsPage" is-config="true" duration-ms="14933" started-at="2562-07-29T19:05:49Z" finished-at="2562-07-29T19:06:04Z">
          <reporter-output>
          </reporter-output>
        </test-method> <!-- RedirectToNewsPage -->
        <test-method status="PASS" signature="SaveAndPublishNews()[pri:0, instance:testcases.TestNewsPage@ae9b55]" name="SaveAndPublishNews" duration-ms="115797" started-at="2562-07-29T19:06:04Z" finished-at="2562-07-29T19:07:59Z">
          <reporter-output>
          </reporter-output>
        </test-method> <!-- SaveAndPublishNews -->
        <test-method status="PASS" signature="RedirectToNewsPage()[pri:0, instance:testcases.TestNewsPage@ae9b55]" name="RedirectToNewsPage" is-config="true" duration-ms="14222" started-at="2562-07-29T19:07:59Z" finished-at="2562-07-29T19:08:14Z">
          <reporter-output>
          </reporter-output>
        </test-method> <!-- RedirectToNewsPage -->
        <test-method status="PASS" signature="CloseBrowser()[pri:0, instance:testcases.TestNewsPage@ae9b55]" name="CloseBrowser" is-config="true" duration-ms="3405" started-at="2562-07-29T19:08:14Z" finished-at="2562-07-29T19:08:17Z">
          <reporter-output>
          </reporter-output>
        </test-method> <!-- CloseBrowser -->
      </class> <!-- testcases.TestNewsPage -->
    </test> <!-- NewsPage -->
  </suite> <!-- Suite -->
</testng-results>
