<?xml version="1.0" encoding="UTF-8"?>
<testng-results skipped="0" failed="1" total="3" passed="2">
  <reporter-output>
  </reporter-output>
  <suite name="Suite" duration-ms="79328" started-at="2562-06-13T05:17:20Z" finished-at="2562-06-13T05:18:39Z">
    <groups>
    </groups>
    <test name="LoginLandingPage" duration-ms="79328" started-at="2562-06-13T05:17:20Z" finished-at="2562-06-13T05:18:39Z">
      <class name="testcases.TestLandingPage">
        <test-method status="PASS" signature="OpenBrowser()[pri:0, instance:testcases.TestLandingPage@1c27493]" name="OpenBrowser" is-config="true" duration-ms="5803" started-at="2562-06-13T12:17:20Z" finished-at="2562-06-13T12:17:25Z">
          <reporter-output>
          </reporter-output>
        </test-method> <!-- OpenBrowser -->
        <test-method status="PASS" signature="ClickNewslinks()[pri:0, instance:testcases.TestLandingPage@1c27493]" name="ClickNewslinks" duration-ms="11831" started-at="2562-06-13T12:17:25Z" finished-at="2562-06-13T12:17:37Z">
          <reporter-output>
          </reporter-output>
        </test-method> <!-- ClickNewslinks -->
        <test-method status="PASS" signature="CloseBrowser()[pri:0, instance:testcases.TestLandingPage@1c27493]" name="CloseBrowser" is-config="true" duration-ms="2160" started-at="2562-06-13T12:17:37Z" finished-at="2562-06-13T12:17:39Z">
          <reporter-output>
          </reporter-output>
        </test-method> <!-- CloseBrowser -->
        <test-method status="PASS" signature="OpenBrowser()[pri:0, instance:testcases.TestLandingPage@1c27493]" name="OpenBrowser" is-config="true" duration-ms="4034" started-at="2562-06-13T12:17:39Z" finished-at="2562-06-13T12:17:43Z">
          <reporter-output>
          </reporter-output>
        </test-method> <!-- OpenBrowser -->
        <test-method status="PASS" signature="FillLoginForm(java.lang.String, java.lang.String, java.lang.String)[pri:0, instance:testcases.TestLandingPage@1c27493]" name="FillLoginForm" duration-ms="35539" started-at="2562-06-13T12:17:43Z" data-provider="LoginData" finished-at="2562-06-13T12:18:19Z">
          <params>
            <param index="0">
              <value>
                <![CDATA[aptcollie@gmail.com]]>
              </value>
            </param>
            <param index="1">
              <value>
                <![CDATA[admin]]>
              </value>
            </param>
            <param index="2">
              <value>
                <![CDATA[first data tested]]>
              </value>
            </param>
          </params>
          <reporter-output>
          </reporter-output>
        </test-method> <!-- FillLoginForm -->
        <test-method status="PASS" signature="CloseBrowser()[pri:0, instance:testcases.TestLandingPage@1c27493]" name="CloseBrowser" is-config="true" duration-ms="242" started-at="2562-06-13T12:18:19Z" finished-at="2562-06-13T12:18:19Z">
          <reporter-output>
          </reporter-output>
        </test-method> <!-- CloseBrowser -->
        <test-method status="PASS" signature="OpenBrowser()[pri:0, instance:testcases.TestLandingPage@1c27493]" name="OpenBrowser" is-config="true" duration-ms="4602" started-at="2562-06-13T12:18:19Z" finished-at="2562-06-13T12:18:24Z">
          <reporter-output>
          </reporter-output>
        </test-method> <!-- OpenBrowser -->
        <test-method status="FAIL" signature="FillLoginForm(java.lang.String, java.lang.String, java.lang.String)[pri:0, instance:testcases.TestLandingPage@1c27493]" name="FillLoginForm" duration-ms="13335" started-at="2562-06-13T12:18:24Z" data-provider="LoginData" finished-at="2562-06-13T12:18:37Z">
          <params>
            <param index="0">
              <value>
                <![CDATA[unregister@gmail.com]]>
              </value>
            </param>
            <param index="1">
              <value>
                <![CDATA[unregistered]]>
              </value>
            </param>
            <param index="2">
              <value>
                <![CDATA[second data tested]]>
              </value>
            </param>
          </params>
          <exception class="java.lang.AssertionError">
            <message>
              <![CDATA[expected [false] but found [true]]]>
            </message>
            <full-stacktrace>
              <![CDATA[java.lang.AssertionError: expected [false] but found [true]
	at org.testng.Assert.fail(Assert.java:94)
	at org.testng.Assert.failNotEquals(Assert.java:513)
	at org.testng.Assert.assertFalse(Assert.java:63)
	at org.testng.Assert.assertFalse(Assert.java:73)
	at testcases.TestLandingPage.FillLoginForm(TestLandingPage.java:60)
	at sun.reflect.NativeMethodAccessorImpl.invoke0(Native Method)
	at sun.reflect.NativeMethodAccessorImpl.invoke(NativeMethodAccessorImpl.java:62)
	at sun.reflect.DelegatingMethodAccessorImpl.invoke(DelegatingMethodAccessorImpl.java:43)
	at java.lang.reflect.Method.invoke(Method.java:498)
	at org.testng.internal.MethodInvocationHelper.invokeMethod(MethodInvocationHelper.java:86)
	at org.testng.internal.Invoker.invokeMethod(Invoker.java:643)
	at org.testng.internal.Invoker.invokeTestMethod(Invoker.java:820)
	at org.testng.internal.Invoker.invokeTestMethods(Invoker.java:1128)
	at org.testng.internal.TestMethodWorker.invokeTestMethods(TestMethodWorker.java:129)
	at org.testng.internal.TestMethodWorker.run(TestMethodWorker.java:112)
	at org.testng.TestRunner.privateRun(TestRunner.java:782)
	at org.testng.TestRunner.run(TestRunner.java:632)
	at org.testng.SuiteRunner.runTest(SuiteRunner.java:366)
	at org.testng.SuiteRunner.runSequentially(SuiteRunner.java:361)
	at org.testng.SuiteRunner.privateRun(SuiteRunner.java:319)
	at org.testng.SuiteRunner.run(SuiteRunner.java:268)
	at org.testng.SuiteRunnerWorker.runSuite(SuiteRunnerWorker.java:52)
	at org.testng.SuiteRunnerWorker.run(SuiteRunnerWorker.java:86)
	at org.testng.TestNG.runSuitesSequentially(TestNG.java:1244)
	at org.testng.TestNG.runSuitesLocally(TestNG.java:1169)
	at org.testng.TestNG.run(TestNG.java:1064)
	at org.testng.remote.AbstractRemoteTestNG.run(AbstractRemoteTestNG.java:126)
	at org.testng.remote.RemoteTestNG.initAndRun(RemoteTestNG.java:152)
	at org.testng.remote.RemoteTestNG.main(RemoteTestNG.java:57)
]]>
            </full-stacktrace>
          </exception> <!-- java.lang.AssertionError -->
          <reporter-output>
          </reporter-output>
        </test-method> <!-- FillLoginForm -->
        <test-method status="PASS" signature="CloseBrowser()[pri:0, instance:testcases.TestLandingPage@1c27493]" name="CloseBrowser" is-config="true" duration-ms="220" started-at="2562-06-13T12:18:39Z" finished-at="2562-06-13T12:18:39Z">
          <reporter-output>
          </reporter-output>
        </test-method> <!-- CloseBrowser -->
      </class> <!-- testcases.TestLandingPage -->
    </test> <!-- LoginLandingPage -->
  </suite> <!-- Suite -->
</testng-results>
